[themewagon.github.io/VillaAgency/index.html]
[backblue.gif]
[fade.gif]
[index.html]
[themewagon.github.io/VillaAgency/vendor/bootstrap/css/bootstrap.min.css]
[themewagon.github.io/VillaAgency/assets/css/fontawesome.css]
[themewagon.github.io/VillaAgency/assets/css/templatemo-villa-agency.css]
[themewagon.github.io/VillaAgency/assets/css/owl.css]
[themewagon.github.io/VillaAgency/assets/css/animate.css]
[unpkg.com/swiper@7/swiper-bundle.min.6.delayed]
[unpkg.com/swiper@7.4.1/swiper-bundle.min.css]
[themewagon.github.io/VillaAgency/properties.html]
[themewagon.github.io/VillaAgency/property-details.html]
[themewagon.github.io/VillaAgency/contact.html]
[themewagon.github.io/VillaAgency/assets/images/featured.jpg]
[themewagon.github.io/VillaAgency/assets/images/featured-icon.png]
[themewagon.github.io/VillaAgency/assets/images/info-icon-01.png]
[themewagon.github.io/VillaAgency/assets/images/info-icon-02.png]
[themewagon.github.io/VillaAgency/assets/images/info-icon-03.png]
[themewagon.github.io/VillaAgency/assets/images/info-icon-04.png]
[themewagon.github.io/VillaAgency/assets/images/video-frame.jpg]
[themewagon.github.io/VillaAgency/assets/images/deal-01.jpg]
[themewagon.github.io/VillaAgency/assets/images/deal-02.jpg]
[themewagon.github.io/VillaAgency/assets/images/deal-03.jpg]
[themewagon.github.io/VillaAgency/assets/images/property-01.jpg]
[themewagon.github.io/VillaAgency/assets/images/property-02.jpg]
[themewagon.github.io/VillaAgency/assets/images/property-03.jpg]
[themewagon.github.io/VillaAgency/assets/images/property-04.jpg]
[themewagon.github.io/VillaAgency/assets/images/property-05.jpg]
[themewagon.github.io/VillaAgency/assets/images/property-06.jpg]
[themewagon.github.io/VillaAgency/assets/images/phone-icon.png]
[themewagon.github.io/VillaAgency/assets/images/email-icon.png]
[themewagon.github.io/VillaAgency/vendor/jquery/jquery.min.js]
[themewagon.github.io/VillaAgency/vendor/bootstrap/js/bootstrap.min.js]
[themewagon.github.io/VillaAgency/assets/js/isotope.min.js]
[themewagon.github.io/VillaAgency/assets/js/owl-carousel.js]
[themewagon.github.io/VillaAgency/assets/js/counter.js]
[themewagon.github.io/VillaAgency/index.html]
[themewagon.github.io/VillaAgency/vendor/bootstrap/css/bootstrap.min.css]
[themewagon.github.io/VillaAgency/assets/js/custom.js]
[themewagon.github.io/VillaAgency/assets/webfonts/fa-brands-400.woff2]
[themewagon.github.io/VillaAgency/assets/webfonts/fa-regular-400.woff2]
[themewagon.github.io/VillaAgency/assets/webfonts/fa-regular-400.ttf]
[themewagon.github.io/VillaAgency/assets/webfonts/fa-solid-900.woff2]
[themewagon.github.io/VillaAgency/assets/webfonts/fa-v4compatibility.woff2]
[themewagon.github.io/VillaAgency/assets/css/fontawesome.css]
[themewagon.github.io/VillaAgency/assets/webfonts/fa-v4compatibility.ttf]
[themewagon.github.io/VillaAgency/assets/images/banner-01.jpg]
[themewagon.github.io/VillaAgency/assets/images/banner-02.jpg]
[themewagon.github.io/VillaAgency/assets/webfonts/fa-solid-900.ttf]
[themewagon.github.io/VillaAgency/assets/images/banner-03.jpg]
[themewagon.github.io/VillaAgency/assets/images/video-bg.jpg]
[themewagon.github.io/VillaAgency/assets/images/contact-bg.jpg]
[themewagon.github.io/VillaAgency/assets/images/page-heading-bg.jpg]
[themewagon.github.io/VillaAgency/assets/css/templatemo-villa-agency.css]
[themewagon.github.io/VillaAgency/assets/css/owl.video.play.png]
[themewagon.github.io/VillaAgency/assets/css/owl.css]
[themewagon.github.io/VillaAgency/assets/css/animate.css]
[unpkg.com/swiper@7.4.1/swiper-bundle.min.css]
[themewagon.github.io/VillaAgency/properties.html]
[themewagon.github.io/VillaAgency/assets/images/single-property.jpg]
[themewagon.github.io/VillaAgency/property-details.html]
[themewagon.github.io/VillaAgency/contact.html]
[themewagon.github.io/VillaAgency/assets/webfonts/fa-brands-400.ttf]
[themewagon.github.io/VillaAgency/assets/css/owl.video.play.html]
